This file contains any messages produced by compilers while
running configure, to aid debugging if configure makes a mistake.

It was created by configure, which was
generated by GNU Autoconf 2.71.  Invocation command line was

  $ ./configure --enable-xdebug

## --------- ##
## Platform. ##
## --------- ##

hostname = panel2
uname -m = x86_64
uname -r = 6.8.0-48-generic
uname -s = Linux
uname -v = #48-Ubuntu SMP PREEMPT_DYNAMIC Fri Sep 27 14:04:52 UTC 2024

/usr/bin/uname -p = x86_64
/bin/uname -X     = unknown

/bin/arch              = x86_64
/usr/bin/arch -k       = unknown
/usr/convex/getsysinfo = unknown
/usr/bin/hostinfo      = unknown
/bin/machine           = unknown
/usr/bin/oslevel       = unknown
/bin/universe          = unknown

PATH: /usr/lib/code-server/lib/vscode/bin/remote-cli/
PATH: /root/.nvm/versions/node/v16.20.2/bin/
PATH: /usr/local/sbin/
PATH: /usr/local/bin/
PATH: /usr/sbin/
PATH: /usr/bin/
PATH: /snap/bin/


## ----------- ##
## Core tests. ##
## ----------- ##

configure:2416: looking for aux files: ltmain.sh config.guess config.sub
configure:2429:  trying ./build/
configure:2458:   ./build/ltmain.sh found
configure:2458:   ./build/config.guess found
configure:2458:   ./build/config.sub found
configure:2575: checking for grep that handles long lines and -e
configure:2639: result: /usr/bin/grep
configure:2644: checking for egrep
configure:2712: result: /usr/bin/grep -E
configure:2717: checking for a sed that does not truncate output
configure:2787: result: /usr/bin/sed
configure:2931: checking for pkg-config
configure:2954: found /usr/bin/pkg-config
configure:2966: result: /usr/bin/pkg-config
configure:2991: checking pkg-config is at least version 0.9.0
configure:2994: result: yes
configure:3070: checking for cc
configure:3091: found /usr/bin/cc
configure:3102: result: cc
configure:3133: checking for C compiler version
configure:3142: cc --version >&5
cc (Ubuntu 13.2.0-23ubuntu4) 13.2.0
Copyright (C) 2023 Free Software Foundation, Inc.
This is free software; see the source for copying conditions.  There is NO
warranty; not even for MERCHANTABILITY or FITNESS FOR A PARTICULAR PURPOSE.

configure:3153: $? = 0
configure:3142: cc -v >&5
Using built-in specs.
COLLECT_GCC=cc
COLLECT_LTO_WRAPPER=/usr/libexec/gcc/x86_64-linux-gnu/13/lto-wrapper
OFFLOAD_TARGET_NAMES=nvptx-none:amdgcn-amdhsa
OFFLOAD_TARGET_DEFAULT=1
Target: x86_64-linux-gnu
Configured with: ../src/configure -v --with-pkgversion='Ubuntu 13.2.0-23ubuntu4' --with-bugurl=file:///usr/share/doc/gcc-13/README.Bugs --enable-languages=c,ada,c++,go,d,fortran,objc,obj-c++,m2 --prefix=/usr --with-gcc-major-version-only --program-suffix=-13 --program-prefix=x86_64-linux-gnu- --enable-shared --enable-linker-build-id --libexecdir=/usr/libexec --without-included-gettext --enable-threads=posix --libdir=/usr/lib --enable-nls --enable-clocale=gnu --enable-libstdcxx-debug --enable-libstdcxx-time=yes --with-default-libstdcxx-abi=new --enable-libstdcxx-backtrace --enable-gnu-unique-object --disable-vtable-verify --enable-plugin --enable-default-pie --with-system-zlib --enable-libphobos-checking=release --with-target-system-zlib=auto --enable-objc-gc=auto --enable-multiarch --disable-werror --enable-cet --with-arch-32=i686 --with-abi=m64 --with-multilib-list=m32,m64,mx32 --enable-multilib --with-tune=generic --enable-offload-targets=nvptx-none=/build/gcc-13-uJ7kn6/gcc-13-13.2.0/debian/tmp-nvptx/usr,amdgcn-amdhsa=/build/gcc-13-uJ7kn6/gcc-13-13.2.0/debian/tmp-gcn/usr --enable-offload-defaulted --without-cuda-driver --enable-checking=release --build=x86_64-linux-gnu --host=x86_64-linux-gnu --target=x86_64-linux-gnu
Thread model: posix
Supported LTO compression algorithms: zlib zstd
gcc version 13.2.0 (Ubuntu 13.2.0-23ubuntu4) 
... rest of stderr output deleted ...
configure:3153: $? = 0
configure:3142: cc -V >&5
cc: error: unrecognized command-line option '-V'
cc: fatal error: no input files
compilation terminated.
configure:3153: $? = 1
configure:3142: cc -qversion >&5
cc: error: unrecognized command-line option '-qversion'; did you mean '--version'?
cc: fatal error: no input files
compilation terminated.
configure:3153: $? = 1
configure:3142: cc -version >&5
cc: error: unrecognized command-line option '-version'
cc: fatal error: no input files
compilation terminated.
configure:3153: $? = 1
configure:3173: checking whether the C compiler works
configure:3195: cc    conftest.c  >&5
configure:3199: $? = 0
configure:3249: result: yes
configure:3252: checking for C compiler default output file name
configure:3254: result: a.out
configure:3260: checking for suffix of executables
configure:3267: cc -o conftest    conftest.c  >&5
configure:3271: $? = 0
configure:3294: result: 
configure:3316: checking whether we are cross compiling
configure:3324: cc -o conftest    conftest.c  >&5
configure:3328: $? = 0
configure:3335: ./conftest
configure:3339: $? = 0
configure:3354: result: no
configure:3359: checking for suffix of object files
configure:3382: cc -c   conftest.c >&5
configure:3386: $? = 0
configure:3408: result: o
configure:3412: checking whether the compiler supports GNU C
configure:3432: cc -c   conftest.c >&5
configure:3432: $? = 0
configure:3442: result: yes
configure:3453: checking whether cc accepts -g
configure:3474: cc -c -g  conftest.c >&5
configure:3474: $? = 0
configure:3518: result: yes
configure:3538: checking for cc option to enable C11 features
configure:3553: cc  -c -g -O2  conftest.c >&5
configure:3553: $? = 0
configure:3571: result: none needed
configure:3687: checking how to run the C preprocessor
configure:3713: cc -E  conftest.c
configure:3713: $? = 0
configure:3728: cc -E  conftest.c
conftest.c:9:10: fatal error: ac_nonexistent.h: No such file or directory
    9 | #include <ac_nonexistent.h>
      |          ^~~~~~~~~~~~~~~~~~
compilation terminated.
configure:3728: $? = 1
configure: failed program was:
| /* confdefs.h */
| #define PACKAGE_NAME ""
| #define PACKAGE_TARNAME ""
| #define PACKAGE_VERSION ""
| #define PACKAGE_STRING ""
| #define PACKAGE_BUGREPORT ""
| #define PACKAGE_URL ""
| /* end confdefs.h.  */
| #include <ac_nonexistent.h>
configure:3755: result: cc -E
configure:3769: cc -E  conftest.c
configure:3769: $? = 0
configure:3784: cc -E  conftest.c
conftest.c:9:10: fatal error: ac_nonexistent.h: No such file or directory
    9 | #include <ac_nonexistent.h>
      |          ^~~~~~~~~~~~~~~~~~
compilation terminated.
configure:3784: $? = 1
configure: failed program was:
| /* confdefs.h */
| #define PACKAGE_NAME ""
| #define PACKAGE_TARNAME ""
| #define PACKAGE_VERSION ""
| #define PACKAGE_STRING ""
| #define PACKAGE_BUGREPORT ""
| #define PACKAGE_URL ""
| /* end confdefs.h.  */
| #include <ac_nonexistent.h>
configure:3817: checking for icc
configure:3827: result: no
configure:3841: checking for suncc
configure:3851: result: no
configure:3869: checking for system library directory
configure:3885: result: lib
configure:3892: checking if compiler supports -Wl,-rpath,
configure:3912: cc -o conftest -g -O2   conftest.c -Wl,-rpath,/usr/lib  >&5
configure:3912: $? = 0
configure:3923: result: yes
configure:3978: checking build system type
configure:3993: result: x86_64-pc-linux-gnu
configure:4013: checking host system type
configure:4027: result: x86_64-pc-linux-gnu
configure:4047: checking target system type
configure:4061: result: x86_64-pc-linux-gnu
configure:4165: checking for PHP prefix
configure:4167: result: /usr
configure:4169: checking for PHP includes
configure:4171: result: -I/usr/include/php/20210902 -I/usr/include/php/20210902/main -I/usr/include/php/20210902/TSRM -I/usr/include/php/20210902/Zend -I/usr/include/php/20210902/ext -I/usr/include/php/20210902/ext/date/lib
configure:4173: checking for PHP extension directory
configure:4175: result: /usr/lib/php/20210902
configure:4177: checking for PHP installed headers prefix
configure:4179: result: /usr/include/php/20210902
configure:4182: checking if debug is enabled
configure:4209: result: no
configure:4212: checking if zts is enabled
configure:4239: result: no
configure:4307: checking for gawk
configure:4329: found /usr/bin/gawk
configure:4340: result: gawk
configure:4384: checking whether to enable Xdebug support
configure:4424: result: yes, shared
configure:4433: checking whether to enable Xdebug developer build flags
configure:4448: result: no
configure:4457: checking whether to compress profiler files (requires zlib)
configure:4473: result: yes
configure:4503: checking for supported PHP version
configure:4513: result: supported (8.1.30)
configure:4528: checking for clock_gettime
configure:4542: cc -o conftest -g -O2 -I/usr/include/php/20210902 -I/usr/include/php/20210902/main -I/usr/include/php/20210902/TSRM -I/usr/include/php/20210902/Zend -I/usr/include/php/20210902/ext -I/usr/include/php/20210902/ext/date/lib   conftest.c  >&5
configure:4542: $? = 0
configure:4546: result: yes
configure:4600: checking for clock_gettime_nsec_np
configure:4600: cc -o conftest -g -O2 -I/usr/include/php/20210902 -I/usr/include/php/20210902/main -I/usr/include/php/20210902/TSRM -I/usr/include/php/20210902/Zend -I/usr/include/php/20210902/ext -I/usr/include/php/20210902/ext/date/lib   conftest.c  >&5
/usr/bin/ld: /tmp/cczfRBz6.o: in function `main':
/home/erpcloud-live/htdocs/zadmin/assets/xdebug-3.3.0/conftest.c:38:(.text.startup+0xb): undefined reference to `clock_gettime_nsec_np'
collect2: error: ld returned 1 exit status
configure:4600: $? = 1
configure: failed program was:
| /* confdefs.h */
| #define PACKAGE_NAME ""
| #define PACKAGE_TARNAME ""
| #define PACKAGE_VERSION ""
| #define PACKAGE_STRING ""
| #define PACKAGE_BUGREPORT ""
| #define PACKAGE_URL ""
| #define HAVE_XDEBUG 1
| #define HAVE_XDEBUG_CLOCK_GETTIME 1
| /* end confdefs.h.  */
| /* Define clock_gettime_nsec_np to an innocuous variant, in case <limits.h> declares clock_gettime_nsec_np.
|    For example, HP-UX 11i <limits.h> declares gettimeofday.  */
| #define clock_gettime_nsec_np innocuous_clock_gettime_nsec_np
| 
| /* System header to define __stub macros and hopefully few prototypes,
|    which can conflict with char clock_gettime_nsec_np (); below.  */
| 
| #include <limits.h>
| #undef clock_gettime_nsec_np
| 
| /* Override any GCC internal prototype to avoid an error.
|    Use char because int might match the return type of a GCC
|    builtin and then its argument prototype would still apply.  */
| #ifdef __cplusplus
| extern "C"
| #endif
| char clock_gettime_nsec_np ();
| /* The GNU C library defines this for functions which it implements
|     to always fail with ENOSYS.  Some functions are actually named
|     something starting with __ and the normal name is an alias.  */
| #if defined __stub_clock_gettime_nsec_np || defined __stub___clock_gettime_nsec_np
| choke me
| #endif
| 
| int
| main (void)
| {
| return clock_gettime_nsec_np ();
|   ;
|   return 0;
| }
configure:4600: result: no
configure:4613: checking for gettimeofday
configure:4613: cc -o conftest -g -O2 -I/usr/include/php/20210902 -I/usr/include/php/20210902/main -I/usr/include/php/20210902/TSRM -I/usr/include/php/20210902/Zend -I/usr/include/php/20210902/ext -I/usr/include/php/20210902/ext/date/lib   conftest.c  >&5
configure:4613: $? = 0
configure:4613: result: yes
configure:4626: checking for stdio.h
configure:4626: cc -c -g -O2 -I/usr/include/php/20210902 -I/usr/include/php/20210902/main -I/usr/include/php/20210902/TSRM -I/usr/include/php/20210902/Zend -I/usr/include/php/20210902/ext -I/usr/include/php/20210902/ext/date/lib  conftest.c >&5
configure:4626: $? = 0
configure:4626: result: yes
configure:4626: checking for stdlib.h
configure:4626: cc -c -g -O2 -I/usr/include/php/20210902 -I/usr/include/php/20210902/main -I/usr/include/php/20210902/TSRM -I/usr/include/php/20210902/Zend -I/usr/include/php/20210902/ext -I/usr/include/php/20210902/ext/date/lib  conftest.c >&5
configure:4626: $? = 0
configure:4626: result: yes
configure:4626: checking for string.h
configure:4626: cc -c -g -O2 -I/usr/include/php/20210902 -I/usr/include/php/20210902/main -I/usr/include/php/20210902/TSRM -I/usr/include/php/20210902/Zend -I/usr/include/php/20210902/ext -I/usr/include/php/20210902/ext/date/lib  conftest.c >&5
configure:4626: $? = 0
configure:4626: result: yes
configure:4626: checking for inttypes.h
configure:4626: cc -c -g -O2 -I/usr/include/php/20210902 -I/usr/include/php/20210902/main -I/usr/include/php/20210902/TSRM -I/usr/include/php/20210902/Zend -I/usr/include/php/20210902/ext -I/usr/include/php/20210902/ext/date/lib  conftest.c >&5
configure:4626: $? = 0
configure:4626: result: yes
configure:4626: checking for stdint.h
configure:4626: cc -c -g -O2 -I/usr/include/php/20210902 -I/usr/include/php/20210902/main -I/usr/include/php/20210902/TSRM -I/usr/include/php/20210902/Zend -I/usr/include/php/20210902/ext -I/usr/include/php/20210902/ext/date/lib  conftest.c >&5
configure:4626: $? = 0
configure:4626: result: yes
configure:4626: checking for strings.h
configure:4626: cc -c -g -O2 -I/usr/include/php/20210902 -I/usr/include/php/20210902/main -I/usr/include/php/20210902/TSRM -I/usr/include/php/20210902/Zend -I/usr/include/php/20210902/ext -I/usr/include/php/20210902/ext/date/lib  conftest.c >&5
configure:4626: $? = 0
configure:4626: result: yes
configure:4626: checking for sys/stat.h
configure:4626: cc -c -g -O2 -I/usr/include/php/20210902 -I/usr/include/php/20210902/main -I/usr/include/php/20210902/TSRM -I/usr/include/php/20210902/Zend -I/usr/include/php/20210902/ext -I/usr/include/php/20210902/ext/date/lib  conftest.c >&5
configure:4626: $? = 0
configure:4626: result: yes
configure:4626: checking for sys/types.h
configure:4626: cc -c -g -O2 -I/usr/include/php/20210902 -I/usr/include/php/20210902/main -I/usr/include/php/20210902/TSRM -I/usr/include/php/20210902/Zend -I/usr/include/php/20210902/ext -I/usr/include/php/20210902/ext/date/lib  conftest.c >&5
configure:4626: $? = 0
configure:4626: result: yes
configure:4626: checking for unistd.h
configure:4626: cc -c -g -O2 -I/usr/include/php/20210902 -I/usr/include/php/20210902/main -I/usr/include/php/20210902/TSRM -I/usr/include/php/20210902/Zend -I/usr/include/php/20210902/ext -I/usr/include/php/20210902/ext/date/lib  conftest.c >&5
configure:4626: $? = 0
configure:4626: result: yes
configure:4651: checking for netinet/in.h
configure:4651: cc -c -g -O2 -I/usr/include/php/20210902 -I/usr/include/php/20210902/main -I/usr/include/php/20210902/TSRM -I/usr/include/php/20210902/Zend -I/usr/include/php/20210902/ext -I/usr/include/php/20210902/ext/date/lib  conftest.c >&5
configure:4651: $? = 0
configure:4651: result: yes
configure:4657: checking for poll.h
configure:4657: cc -c -g -O2 -I/usr/include/php/20210902 -I/usr/include/php/20210902/main -I/usr/include/php/20210902/TSRM -I/usr/include/php/20210902/Zend -I/usr/include/php/20210902/ext -I/usr/include/php/20210902/ext/date/lib  conftest.c >&5
configure:4657: $? = 0
configure:4657: result: yes
configure:4663: checking for sys/poll.h
configure:4663: cc -c -g -O2 -I/usr/include/php/20210902 -I/usr/include/php/20210902/main -I/usr/include/php/20210902/TSRM -I/usr/include/php/20210902/Zend -I/usr/include/php/20210902/ext -I/usr/include/php/20210902/ext/date/lib  conftest.c >&5
configure:4663: $? = 0
configure:4663: result: yes
configure:4674: checking for linux/rtnetlink.h
configure:4674: cc -c -g -O2 -I/usr/include/php/20210902 -I/usr/include/php/20210902/main -I/usr/include/php/20210902/TSRM -I/usr/include/php/20210902/Zend -I/usr/include/php/20210902/ext -I/usr/include/php/20210902/ext/date/lib  conftest.c >&5
configure:4674: $? = 0
configure:4674: result: yes
configure:4697: checking for res_ninit
configure:4697: cc -o conftest -g -O2 -I/usr/include/php/20210902 -I/usr/include/php/20210902/main -I/usr/include/php/20210902/TSRM -I/usr/include/php/20210902/Zend -I/usr/include/php/20210902/ext -I/usr/include/php/20210902/ext/date/lib   conftest.c  >&5
/usr/bin/ld: /tmp/ccc1OqnM.o: in function `main':
/home/erpcloud-live/htdocs/zadmin/assets/xdebug-3.3.0/conftest.c:54:(.text.startup+0xb): undefined reference to `res_ninit'
collect2: error: ld returned 1 exit status
configure:4697: $? = 1
configure: failed program was:
| /* confdefs.h */
| #define PACKAGE_NAME ""
| #define PACKAGE_TARNAME ""
| #define PACKAGE_VERSION ""
| #define PACKAGE_STRING ""
| #define PACKAGE_BUGREPORT ""
| #define PACKAGE_URL ""
| #define HAVE_XDEBUG 1
| #define HAVE_XDEBUG_CLOCK_GETTIME 1
| #define HAVE_XDEBUG_CLOCK_GETTIME_NSEC_NP 0
| #define HAVE_GETTIMEOFDAY 1
| #define HAVE_STDIO_H 1
| #define HAVE_STDLIB_H 1
| #define HAVE_STRING_H 1
| #define HAVE_INTTYPES_H 1
| #define HAVE_STDINT_H 1
| #define HAVE_STRINGS_H 1
| #define HAVE_SYS_STAT_H 1
| #define HAVE_SYS_TYPES_H 1
| #define HAVE_UNISTD_H 1
| #define STDC_HEADERS 1
| #define HAVE_NETINET_IN_H 1
| #define HAVE_POLL_H 1
| #define HAVE_SYS_POLL_H 1
| #define HAVE_LINUX_RTNETLINK_H 1
| /* end confdefs.h.  */
| /* Define res_ninit to an innocuous variant, in case <limits.h> declares res_ninit.
|    For example, HP-UX 11i <limits.h> declares gettimeofday.  */
| #define res_ninit innocuous_res_ninit
| 
| /* System header to define __stub macros and hopefully few prototypes,
|    which can conflict with char res_ninit (); below.  */
| 
| #include <limits.h>
| #undef res_ninit
| 
| /* Override any GCC internal prototype to avoid an error.
|    Use char because int might match the return type of a GCC
|    builtin and then its argument prototype would still apply.  */
| #ifdef __cplusplus
| extern "C"
| #endif
| char res_ninit ();
| /* The GNU C library defines this for functions which it implements
|     to always fail with ENOSYS.  Some functions are actually named
|     something starting with __ and the normal name is an alias.  */
| #if defined __stub_res_ninit || defined __stub___res_ninit
| choke me
| #endif
| 
| int
| main (void)
| {
| return res_ninit ();
|   ;
|   return 0;
| }
configure:4697: result: no
configure:4702: checking for __res_ninit
configure:4702: cc -o conftest -g -O2 -I/usr/include/php/20210902 -I/usr/include/php/20210902/main -I/usr/include/php/20210902/TSRM -I/usr/include/php/20210902/Zend -I/usr/include/php/20210902/ext -I/usr/include/php/20210902/ext/date/lib   conftest.c  >&5
configure:4702: $? = 0
configure:4702: result: yes
configure:4871: checking for res_nclose
configure:4871: cc -o conftest -g -O2 -I/usr/include/php/20210902 -I/usr/include/php/20210902/main -I/usr/include/php/20210902/TSRM -I/usr/include/php/20210902/Zend -I/usr/include/php/20210902/ext -I/usr/include/php/20210902/ext/date/lib   conftest.c  >&5
/usr/bin/ld: /tmp/ccgaiQTY.o: in function `main':
/home/erpcloud-live/htdocs/zadmin/assets/xdebug-3.3.0/conftest.c:55:(.text.startup+0xb): undefined reference to `res_nclose'
collect2: error: ld returned 1 exit status
configure:4871: $? = 1
configure: failed program was:
| /* confdefs.h */
| #define PACKAGE_NAME ""
| #define PACKAGE_TARNAME ""
| #define PACKAGE_VERSION ""
| #define PACKAGE_STRING ""
| #define PACKAGE_BUGREPORT ""
| #define PACKAGE_URL ""
| #define HAVE_XDEBUG 1
| #define HAVE_XDEBUG_CLOCK_GETTIME 1
| #define HAVE_XDEBUG_CLOCK_GETTIME_NSEC_NP 0
| #define HAVE_GETTIMEOFDAY 1
| #define HAVE_STDIO_H 1
| #define HAVE_STDLIB_H 1
| #define HAVE_STRING_H 1
| #define HAVE_INTTYPES_H 1
| #define HAVE_STDINT_H 1
| #define HAVE_STRINGS_H 1
| #define HAVE_SYS_STAT_H 1
| #define HAVE_SYS_TYPES_H 1
| #define HAVE_UNISTD_H 1
| #define STDC_HEADERS 1
| #define HAVE_NETINET_IN_H 1
| #define HAVE_POLL_H 1
| #define HAVE_SYS_POLL_H 1
| #define HAVE_LINUX_RTNETLINK_H 1
| #define HAVE_RES_NINIT 1
| /* end confdefs.h.  */
| /* Define res_nclose to an innocuous variant, in case <limits.h> declares res_nclose.
|    For example, HP-UX 11i <limits.h> declares gettimeofday.  */
| #define res_nclose innocuous_res_nclose
| 
| /* System header to define __stub macros and hopefully few prototypes,
|    which can conflict with char res_nclose (); below.  */
| 
| #include <limits.h>
| #undef res_nclose
| 
| /* Override any GCC internal prototype to avoid an error.
|    Use char because int might match the return type of a GCC
|    builtin and then its argument prototype would still apply.  */
| #ifdef __cplusplus
| extern "C"
| #endif
| char res_nclose ();
| /* The GNU C library defines this for functions which it implements
|     to always fail with ENOSYS.  Some functions are actually named
|     something starting with __ and the normal name is an alias.  */
| #if defined __stub_res_nclose || defined __stub___res_nclose
| choke me
| #endif
| 
| int
| main (void)
| {
| return res_nclose ();
|   ;
|   return 0;
| }
configure:4871: result: no
configure:4876: checking for __res_nclose
configure:4876: cc -o conftest -g -O2 -I/usr/include/php/20210902 -I/usr/include/php/20210902/main -I/usr/include/php/20210902/TSRM -I/usr/include/php/20210902/Zend -I/usr/include/php/20210902/ext -I/usr/include/php/20210902/ext/date/lib   conftest.c  >&5
configure:4876: $? = 0
configure:4876: result: yes
configure:5146: checking for cos in -lm
configure:5169: cc -o conftest -g -O2 -I/usr/include/php/20210902 -I/usr/include/php/20210902/main -I/usr/include/php/20210902/TSRM -I/usr/include/php/20210902/Zend -I/usr/include/php/20210902/ext -I/usr/include/php/20210902/ext/date/lib   conftest.c -lm   >&5
conftest.c:33:6: warning: conflicting types for built-in function 'cos'; expected 'double(double)' [-Wbuiltin-declaration-mismatch]
   33 | char cos ();
      |      ^~~
conftest.c:1:1: note: 'cos' is declared in header '<math.h>'
    1 | /* confdefs.h */
configure:5169: $? = 0
configure:5179: result: yes
configure:5223: checking for zlib >= 1.2.9
configure:5230: $PKG_CONFIG --exists --print-errors "zlib >= 1.2.9"
configure:5233: $? = 0
configure:5247: $PKG_CONFIG --exists --print-errors "zlib >= 1.2.9"
configure:5250: $? = 0
configure:5288: result: yes
configure:7291: checking how to print strings
configure:7318: result: printf
configure:7339: checking for a sed that does not truncate output
configure:7409: result: /usr/bin/sed
configure:7427: checking for fgrep
configure:7495: result: /usr/bin/grep -F
configure:7531: checking for ld used by cc
configure:7599: result: /usr/bin/ld
configure:7606: checking if the linker (/usr/bin/ld) is GNU ld
configure:7622: result: yes
configure:7634: checking for BSD- or MS-compatible name lister (nm)
configure:7689: result: /usr/bin/nm -B
configure:7829: checking the name lister (/usr/bin/nm -B) interface
configure:7837: cc -c -g -O2  conftest.c >&5
configure:7840: /usr/bin/nm -B "conftest.o"
configure:7843: output
0000000000000000 B some_variable
configure:7850: result: BSD nm
configure:7853: checking whether ln -s works
configure:7857: result: yes
configure:7865: checking the maximum length of command line arguments
configure:7997: result: 1572864
configure:8045: checking how to convert x86_64-pc-linux-gnu file names to x86_64-pc-linux-gnu format
configure:8086: result: func_convert_file_noop
configure:8093: checking how to convert x86_64-pc-linux-gnu file names to toolchain format
configure:8114: result: func_convert_file_noop
configure:8121: checking for /usr/bin/ld option to reload object files
configure:8129: result: -r
configure:8208: checking for file
configure:8229: found /usr/bin/file
configure:8240: result: file
configure:8316: checking for objdump
configure:8337: found /usr/bin/objdump
configure:8348: result: objdump
configure:8380: checking how to recognize dependent libraries
configure:8581: result: pass_all
configure:8671: checking for dlltool
configure:8706: result: no
configure:8736: checking how to associate runtime and link libraries
configure:8764: result: printf %s\n
configure:8829: checking for ar
configure:8850: found /usr/bin/ar
configure:8861: result: ar
configure:8914: checking for archiver @FILE support
configure:8932: cc -c -g -O2  conftest.c >&5
configure:8932: $? = 0
configure:8936: ar cr libconftest.a @conftest.lst >&5
configure:8939: $? = 0
configure:8944: ar cr libconftest.a @conftest.lst >&5
ar: conftest.o: No such file or directory
configure:8947: $? = 1
configure:8959: result: @
configure:9022: checking for strip
configure:9043: found /usr/bin/strip
configure:9054: result: strip
configure:9131: checking for ranlib
configure:9152: found /usr/bin/ranlib
configure:9163: result: ranlib
configure:9240: checking for gawk
configure:9272: result: gawk
configure:9312: checking command to parse /usr/bin/nm -B output from cc object
configure:9466: cc -c -g -O2  conftest.c >&5
configure:9469: $? = 0
configure:9473: /usr/bin/nm -B conftest.o | /usr/bin/sed -n -e 's/^.*[	 ]\([ABCDGIRSTW][ABCDGIRSTW]*\)[	 ][	 ]*\([_A-Za-z][_A-Za-z0-9]*\)$/\1 \2 \2/p' | /usr/bin/sed '/ __gnu_lto/d' > conftest.nm
configure:9539: cc -o conftest -g -O2   conftest.c conftstm.o >&5
configure:9542: $? = 0
configure:9580: result: ok
configure:9627: checking for sysroot
configure:9658: result: no
configure:9665: checking for a working dd
configure:9709: result: /usr/bin/dd
configure:9713: checking how to truncate binary pipes
configure:9729: result: /usr/bin/dd bs=4096 count=1
configure:9866: cc -c -g -O2  conftest.c >&5
configure:9869: $? = 0
configure:10066: checking for mt
configure:10087: found /usr/bin/mt
configure:10098: result: mt
configure:10121: checking if mt is a manifest tool
configure:10128: mt '-?'
configure:10136: result: no
configure:10857: checking for dlfcn.h
configure:10857: cc -c -g -O2  conftest.c >&5
configure:10857: $? = 0
configure:10857: result: yes
configure:11116: checking for objdir
configure:11132: result: .libs
configure:11396: checking if cc supports -fno-rtti -fno-exceptions
configure:11415: cc -c -g -O2  -fno-rtti -fno-exceptions conftest.c >&5
cc1: warning: command-line option '-fno-rtti' is valid for C++/D/ObjC++ but not for C
configure:11419: $? = 0
configure:11432: result: no
configure:11796: checking for cc option to produce PIC
configure:11804: result: -fPIC -DPIC
configure:11812: checking if cc PIC flag -fPIC -DPIC works
configure:11831: cc -c -g -O2  -fPIC -DPIC -DPIC conftest.c >&5
configure:11835: $? = 0
configure:11848: result: yes
configure:11877: checking if cc static flag -static works
configure:11906: result: yes
configure:11921: checking if cc supports -c -o file.o
configure:11943: cc -c -g -O2  -o out/conftest2.o conftest.c >&5
configure:11947: $? = 0
configure:11969: result: yes
configure:11977: checking if cc supports -c -o file.o
configure:12025: result: yes
configure:12058: checking whether the cc linker (/usr/bin/ld -m elf_x86_64) supports shared libraries
configure:13332: result: yes
configure:13369: checking whether -lc should be explicitly linked in
configure:13378: cc -c -g -O2  conftest.c >&5
configure:13381: $? = 0
configure:13396: cc -shared  -fPIC -DPIC conftest.o  -v -Wl,-soname -Wl,conftest -o conftest 2\>\&1 \| /usr/bin/grep  -lc  \>/dev/null 2\>\&1
configure:13399: $? = 0
configure:13413: result: no
configure:13573: checking dynamic linker characteristics
configure:14155: cc -o conftest -g -O2   -Wl,-rpath -Wl,/foo conftest.c  >&5
configure:14155: $? = 0
configure:14406: result: GNU/Linux ld.so
configure:14528: checking how to hardcode library paths into programs
configure:14553: result: immediate
configure:15105: checking whether stripping libraries is possible
configure:15114: result: yes
configure:15156: checking if libtool supports shared libraries
configure:15158: result: yes
configure:15161: checking whether to build shared libraries
configure:15186: result: yes
configure:15189: checking whether to build static libraries
configure:15193: result: no
configure:15518: patching config.h.in
configure:15529: creating ./config.status

## ---------------------- ##
## Running config.status. ##
## ---------------------- ##

This file was extended by config.status, which was
generated by GNU Autoconf 2.71.  Invocation command line was

  CONFIG_FILES    = 
  CONFIG_HEADERS  = 
  CONFIG_LINKS    = 
  CONFIG_COMMANDS = 
  $ ./config.status 

on panel2

config.status:894: creating config.h
config.status:998: executing libtool commands

## ---------------- ##
## Cache variables. ##
## ---------------- ##

ac_cv_build=x86_64-pc-linux-gnu
ac_cv_c_compiler_gnu=yes
ac_cv_env_CC_set=
ac_cv_env_CC_value=
ac_cv_env_CFLAGS_set=
ac_cv_env_CFLAGS_value=
ac_cv_env_CPPFLAGS_set=
ac_cv_env_CPPFLAGS_value=
ac_cv_env_CPP_set=
ac_cv_env_CPP_value=
ac_cv_env_LDFLAGS_set=
ac_cv_env_LDFLAGS_value=
ac_cv_env_LIBS_set=
ac_cv_env_LIBS_value=
ac_cv_env_LT_SYS_LIBRARY_PATH_set=
ac_cv_env_LT_SYS_LIBRARY_PATH_value=
ac_cv_env_PKG_CONFIG_LIBDIR_set=
ac_cv_env_PKG_CONFIG_LIBDIR_value=
ac_cv_env_PKG_CONFIG_PATH_set=
ac_cv_env_PKG_CONFIG_PATH_value=
ac_cv_env_PKG_CONFIG_set=
ac_cv_env_PKG_CONFIG_value=
ac_cv_env_ZLIB_CFLAGS_set=
ac_cv_env_ZLIB_CFLAGS_value=
ac_cv_env_ZLIB_LIBS_set=
ac_cv_env_ZLIB_LIBS_value=
ac_cv_env_build_alias_set=
ac_cv_env_build_alias_value=
ac_cv_env_host_alias_set=
ac_cv_env_host_alias_value=
ac_cv_env_target_alias_set=
ac_cv_env_target_alias_value=
ac_cv_func___res_nclose=yes
ac_cv_func___res_ninit=yes
ac_cv_func_clock_gettime_nsec_np=no
ac_cv_func_gettimeofday=yes
ac_cv_func_res_nclose=yes
ac_cv_func_res_ninit=yes
ac_cv_header_dlfcn_h=yes
ac_cv_header_inttypes_h=yes
ac_cv_header_linux_rtnetlink_h=yes
ac_cv_header_netinet_in_h=yes
ac_cv_header_poll_h=yes
ac_cv_header_stdint_h=yes
ac_cv_header_stdio_h=yes
ac_cv_header_stdlib_h=yes
ac_cv_header_string_h=yes
ac_cv_header_strings_h=yes
ac_cv_header_sys_poll_h=yes
ac_cv_header_sys_stat_h=yes
ac_cv_header_sys_types_h=yes
ac_cv_header_unistd_h=yes
ac_cv_host=x86_64-pc-linux-gnu
ac_cv_lib_m_cos=yes
ac_cv_objext=o
ac_cv_path_EGREP='/usr/bin/grep -E'
ac_cv_path_FGREP='/usr/bin/grep -F'
ac_cv_path_GREP=/usr/bin/grep
ac_cv_path_SED=/usr/bin/sed
ac_cv_path_ac_pt_PKG_CONFIG=/usr/bin/pkg-config
ac_cv_path_lt_DD=/usr/bin/dd
ac_cv_prog_AWK=gawk
ac_cv_prog_CPP='cc -E'
ac_cv_prog_ac_ct_AR=ar
ac_cv_prog_ac_ct_CC=cc
ac_cv_prog_ac_ct_FILECMD=file
ac_cv_prog_ac_ct_MANIFEST_TOOL=mt
ac_cv_prog_ac_ct_OBJDUMP=objdump
ac_cv_prog_ac_ct_RANLIB=ranlib
ac_cv_prog_ac_ct_STRIP=strip
ac_cv_prog_cc_c11=
ac_cv_prog_cc_g=yes
ac_cv_prog_cc_stdc=
ac_cv_target=x86_64-pc-linux-gnu
lt_cv_ar_at_file=@
lt_cv_archive_cmds_need_lc=no
lt_cv_deplibs_check_method=pass_all
lt_cv_file_magic_cmd='$MAGIC_CMD'
lt_cv_file_magic_test_file=
lt_cv_ld_reload_flag=-r
lt_cv_nm_interface='BSD nm'
lt_cv_objdir=.libs
lt_cv_path_LD=/usr/bin/ld
lt_cv_path_NM='/usr/bin/nm -B'
lt_cv_path_mainfest_tool=no
lt_cv_prog_compiler_c_o=yes
lt_cv_prog_compiler_pic='-fPIC -DPIC'
lt_cv_prog_compiler_pic_works=yes
lt_cv_prog_compiler_rtti_exceptions=no
lt_cv_prog_compiler_static_works=yes
lt_cv_prog_gnu_ld=yes
lt_cv_sharedlib_from_linklib_cmd='printf %s\n'
lt_cv_shlibpath_overrides_runpath=yes
lt_cv_sys_global_symbol_pipe='/usr/bin/sed -n -e '\''s/^.*[	 ]\([ABCDGIRSTW][ABCDGIRSTW]*\)[	 ][	 ]*\([_A-Za-z][_A-Za-z0-9]*\)$/\1 \2 \2/p'\'' | /usr/bin/sed '\''/ __gnu_lto/d'\'''
lt_cv_sys_global_symbol_to_c_name_address='/usr/bin/sed -n -e '\''s/^: \(.*\) .*$/  {"\1", (void *) 0},/p'\'' -e '\''s/^[ABCDGIRSTW][ABCDGIRSTW]* .* \(.*\)$/  {"\1", (void *) \&\1},/p'\'''
lt_cv_sys_global_symbol_to_c_name_address_lib_prefix='/usr/bin/sed -n -e '\''s/^: \(.*\) .*$/  {"\1", (void *) 0},/p'\'' -e '\''s/^[ABCDGIRSTW][ABCDGIRSTW]* .* \(lib.*\)$/  {"\1", (void *) \&\1},/p'\'' -e '\''s/^[ABCDGIRSTW][ABCDGIRSTW]* .* \(.*\)$/  {"lib\1", (void *) \&\1},/p'\'''
lt_cv_sys_global_symbol_to_cdecl='/usr/bin/sed -n -e '\''s/^T .* \(.*\)$/extern int \1();/p'\'' -e '\''s/^[ABCDGIRSTW][ABCDGIRSTW]* .* \(.*\)$/extern char \1;/p'\'''
lt_cv_sys_global_symbol_to_import=
lt_cv_sys_max_cmd_len=1572864
lt_cv_to_host_file_cmd=func_convert_file_noop
lt_cv_to_tool_file_cmd=func_convert_file_noop
lt_cv_truncate_bin='/usr/bin/dd bs=4096 count=1'
php_cv_cc_rpath=yes
pkg_cv_ZLIB_CFLAGS=
pkg_cv_ZLIB_LIBS='-lz '

## ----------------- ##
## Output variables. ##
## ----------------- ##

AR='ar'
AWK='gawk'
BUILD_CC='cc'
CC='cc'
CFLAGS='-g -O2'
CONFIGURE_COMMAND=' '\''./configure'\''  '\''--enable-xdebug'\'''
CONFIGURE_OPTIONS=' '\''--enable-xdebug'\'''
CPP='cc -E'
CPPFLAGS=' -DHAVE_CONFIG_H'
DEFS='-DHAVE_CONFIG_H'
DLLTOOL='false'
DSYMUTIL=''
DUMPBIN=''
ECHO_C=''
ECHO_N='-n'
ECHO_T=''
EGREP='/usr/bin/grep -E'
EXEEXT=''
FGREP='/usr/bin/grep -F'
FILECMD='file'
GREP='/usr/bin/grep'
LD='/usr/bin/ld -m elf_x86_64'
LDFLAGS=''
LIBOBJS=''
LIBS=''
LIBTOOL='$(SHELL) $(top_builddir)/libtool'
LIPO=''
LN_S='ln -s'
LTLIBOBJS=''
LT_SYS_LIBRARY_PATH=''
MANIFEST_TOOL=':'
NM='/usr/bin/nm -B'
NMEDIT=''
OBJDUMP='objdump'
OBJEXT='o'
OTOOL64=''
OTOOL=''
PACKAGE_BUGREPORT=''
PACKAGE_NAME=''
PACKAGE_STRING=''
PACKAGE_TARNAME=''
PACKAGE_URL=''
PACKAGE_VERSION=''
PATH_SEPARATOR=':'
PKG_CONFIG='/usr/bin/pkg-config'
PKG_CONFIG_LIBDIR=''
PKG_CONFIG_PATH=''
RANLIB='ranlib'
SED='/usr/bin/sed'
SHELL='/bin/bash'
SHLIB_DL_SUFFIX_NAME='so'
SHLIB_SUFFIX_NAME='so'
STRIP='strip'
ZLIB_CFLAGS=''
ZLIB_LIBS='-lz '
ac_ct_AR='ar'
ac_ct_CC='cc'
ac_ct_DUMPBIN=''
bindir='${exec_prefix}/bin'
build='x86_64-pc-linux-gnu'
build_alias=''
build_cpu='x86_64'
build_os='linux-gnu'
build_vendor='pc'
datadir='${datarootdir}'
datarootdir='${prefix}/share'
docdir='${datarootdir}/doc/${PACKAGE}'
dvidir='${docdir}'
exec_prefix='$(prefix)'
host='x86_64-pc-linux-gnu'
host_alias='x86_64-pc-linux-gnu'
host_cpu='x86_64'
host_os='linux-gnu'
host_vendor='pc'
htmldir='${docdir}'
includedir='${prefix}/include'
infodir='${datarootdir}/info'
libdir='${exec_prefix}/lib'
libexecdir='${exec_prefix}/libexec'
localedir='${datarootdir}/locale'
localstatedir='${prefix}/var'
mandir='${datarootdir}/man'
oldincludedir='/usr/include'
pdfdir='${docdir}'
prefix='/usr'
program_transform_name='s,x,x,'
psdir='${docdir}'
runstatedir='${localstatedir}/run'
sbindir='${exec_prefix}/sbin'
sharedstatedir='${prefix}/com'
sysconfdir='${prefix}/etc'
target='x86_64-pc-linux-gnu'
target_alias=''
target_cpu='x86_64'
target_os='linux-gnu'
target_vendor='pc'

## ----------- ##
## confdefs.h. ##
## ----------- ##

/* confdefs.h */
#define PACKAGE_NAME ""
#define PACKAGE_TARNAME ""
#define PACKAGE_VERSION ""
#define PACKAGE_STRING ""
#define PACKAGE_BUGREPORT ""
#define PACKAGE_URL ""
#define HAVE_XDEBUG 1
#define HAVE_XDEBUG_CLOCK_GETTIME 1
#define HAVE_XDEBUG_CLOCK_GETTIME_NSEC_NP 0
#define HAVE_GETTIMEOFDAY 1
#define HAVE_STDIO_H 1
#define HAVE_STDLIB_H 1
#define HAVE_STRING_H 1
#define HAVE_INTTYPES_H 1
#define HAVE_STDINT_H 1
#define HAVE_STRINGS_H 1
#define HAVE_SYS_STAT_H 1
#define HAVE_SYS_TYPES_H 1
#define HAVE_UNISTD_H 1
#define STDC_HEADERS 1
#define HAVE_NETINET_IN_H 1
#define HAVE_POLL_H 1
#define HAVE_SYS_POLL_H 1
#define HAVE_LINUX_RTNETLINK_H 1
#define HAVE_RES_NINIT 1
#define HAVE_RES_NCLOSE 1
#define HAVE_XDEBUG_ZLIB 1
#define COMPILE_DL_XDEBUG 1
#define HAVE_DLFCN_H 1
#define LT_OBJDIR ".libs/"

configure: exit 0
