This file contains any messages produced by compilers while
running configure, to aid debugging if configure makes a mistake.

It was created by libpng configure 1.2.54, which was
generated by GNU Autoconf 2.71.  Invocation command line was

  $ ./configure

## --------- ##
## Platform. ##
## --------- ##

hostname = panel2
uname -m = x86_64
uname -r = 6.8.0-48-generic
uname -s = Linux
uname -v = #48-Ubuntu SMP PREEMPT_DYNAMIC Fri Sep 27 14:04:52 UTC 2024

/usr/bin/uname -p = x86_64
/bin/uname -X     = unknown

/bin/arch              = x86_64
/usr/bin/arch -k       = unknown
/usr/convex/getsysinfo = unknown
/usr/bin/hostinfo      = unknown
/bin/machine           = unknown
/usr/bin/oslevel       = unknown
/bin/universe          = unknown

PATH: /usr/lib/code-server/lib/vscode/bin/remote-cli/
PATH: /root/.nvm/versions/node/v16.20.2/bin/
PATH: /usr/local/sbin/
PATH: /usr/local/bin/
PATH: /usr/sbin/
PATH: /usr/bin/
PATH: /snap/bin/


## ----------- ##
## Core tests. ##
## ----------- ##

configure:2526: looking for aux files: ltmain.sh config.guess config.sub compile missing install-sh
configure:2539:  trying ./
configure:2568:   ./ltmain.sh found
configure:2568:   ./config.guess found
configure:2568:   ./config.sub found
configure:2568:   ./compile found
configure:2568:   ./missing found
configure:2550:   ./install-sh found
configure:2697: checking for a BSD-compatible install
configure:2770: result: /usr/bin/install -c
configure:2781: checking whether build environment is sane
configure:2836: result: yes
configure:2995: checking for a race-free mkdir -p
configure:3039: result: /usr/bin/mkdir -p
configure:3046: checking for gawk
configure:3067: found /usr/bin/gawk
configure:3078: result: gawk
configure:3089: checking whether make sets $(MAKE)
configure:3112: result: yes
configure:3142: checking whether make supports nested variables
configure:3160: result: yes
configure:3297: checking whether to enable maintainer-specific portions of Makefiles
configure:3307: result: no
configure:3394: checking for gcc
configure:3415: found /usr/bin/gcc
configure:3426: result: gcc
configure:3779: checking for C compiler version
configure:3788: gcc --version >&5
gcc (Ubuntu 13.2.0-23ubuntu4) 13.2.0
Copyright (C) 2023 Free Software Foundation, Inc.
This is free software; see the source for copying conditions.  There is NO
warranty; not even for MERCHANTABILITY or FITNESS FOR A PARTICULAR PURPOSE.

configure:3799: $? = 0
configure:3788: gcc -v >&5
Using built-in specs.
COLLECT_GCC=gcc
COLLECT_LTO_WRAPPER=/usr/libexec/gcc/x86_64-linux-gnu/13/lto-wrapper
OFFLOAD_TARGET_NAMES=nvptx-none:amdgcn-amdhsa
OFFLOAD_TARGET_DEFAULT=1
Target: x86_64-linux-gnu
Configured with: ../src/configure -v --with-pkgversion='Ubuntu 13.2.0-23ubuntu4' --with-bugurl=file:///usr/share/doc/gcc-13/README.Bugs --enable-languages=c,ada,c++,go,d,fortran,objc,obj-c++,m2 --prefix=/usr --with-gcc-major-version-only --program-suffix=-13 --program-prefix=x86_64-linux-gnu- --enable-shared --enable-linker-build-id --libexecdir=/usr/libexec --without-included-gettext --enable-threads=posix --libdir=/usr/lib --enable-nls --enable-clocale=gnu --enable-libstdcxx-debug --enable-libstdcxx-time=yes --with-default-libstdcxx-abi=new --enable-libstdcxx-backtrace --enable-gnu-unique-object --disable-vtable-verify --enable-plugin --enable-default-pie --with-system-zlib --enable-libphobos-checking=release --with-target-system-zlib=auto --enable-objc-gc=auto --enable-multiarch --disable-werror --enable-cet --with-arch-32=i686 --with-abi=m64 --with-multilib-list=m32,m64,mx32 --enable-multilib --with-tune=generic --enable-offload-targets=nvptx-none=/build/gcc-13-uJ7kn6/gcc-13-13.2.0/debian/tmp-nvptx/usr,amdgcn-amdhsa=/build/gcc-13-uJ7kn6/gcc-13-13.2.0/debian/tmp-gcn/usr --enable-offload-defaulted --without-cuda-driver --enable-checking=release --build=x86_64-linux-gnu --host=x86_64-linux-gnu --target=x86_64-linux-gnu
Thread model: posix
Supported LTO compression algorithms: zlib zstd
gcc version 13.2.0 (Ubuntu 13.2.0-23ubuntu4) 
... rest of stderr output deleted ...
configure:3799: $? = 0
configure:3788: gcc -V >&5
gcc: error: unrecognized command-line option '-V'
gcc: fatal error: no input files
compilation terminated.
configure:3799: $? = 1
configure:3788: gcc -qversion >&5
gcc: error: unrecognized command-line option '-qversion'; did you mean '--version'?
gcc: fatal error: no input files
compilation terminated.
configure:3799: $? = 1
configure:3788: gcc -version >&5
gcc: error: unrecognized command-line option '-version'
gcc: fatal error: no input files
compilation terminated.
configure:3799: $? = 1
configure:3819: checking whether the C compiler works
configure:3841: gcc    conftest.c  >&5
configure:3845: $? = 0
configure:3895: result: yes
configure:3898: checking for C compiler default output file name
configure:3900: result: a.out
configure:3906: checking for suffix of executables
configure:3913: gcc -o conftest    conftest.c  >&5
configure:3917: $? = 0
configure:3940: result: 
configure:3962: checking whether we are cross compiling
configure:3970: gcc -o conftest    conftest.c  >&5
configure:3974: $? = 0
configure:3981: ./conftest
configure:3985: $? = 0
configure:4000: result: no
configure:4005: checking for suffix of object files
configure:4028: gcc -c   conftest.c >&5
configure:4032: $? = 0
configure:4054: result: o
configure:4058: checking whether the compiler supports GNU C
configure:4078: gcc -c   conftest.c >&5
configure:4078: $? = 0
configure:4088: result: yes
configure:4099: checking whether gcc accepts -g
configure:4120: gcc -c -g  conftest.c >&5
configure:4120: $? = 0
configure:4164: result: yes
configure:4184: checking for gcc option to enable C11 features
configure:4199: gcc  -c -g -O2  conftest.c >&5
configure:4199: $? = 0
configure:4217: result: none needed
configure:4333: checking whether gcc understands -c and -o together
configure:4356: gcc -c conftest.c -o conftest2.o
configure:4359: $? = 0
configure:4356: gcc -c conftest.c -o conftest2.o
configure:4359: $? = 0
configure:4371: result: yes
configure:4391: checking whether make supports the include directive
configure:4406: make -f confmf.GNU && cat confinc.out
this is the am__doit target
configure:4409: $? = 0
configure:4428: result: yes (GNU style)
configure:4454: checking dependency style of gcc
configure:4566: result: gcc3
configure:4587: checking build system type
configure:4602: result: x86_64-pc-linux-gnu
configure:4622: checking host system type
configure:4636: result: x86_64-pc-linux-gnu
configure:4656: checking for a sed that does not truncate output
configure:4726: result: /usr/bin/sed
configure:4744: checking for grep that handles long lines and -e
configure:4808: result: /usr/bin/grep
configure:4813: checking for egrep
configure:4881: result: /usr/bin/grep -E
configure:4886: checking for fgrep
configure:4954: result: /usr/bin/grep -F
configure:4981: checking how to print strings
configure:5008: result: printf
configure:5042: checking for ld used by gcc
configure:5110: result: /usr/bin/ld
configure:5117: checking if the linker (/usr/bin/ld) is GNU ld
configure:5133: result: yes
configure:5150: checking how to run the C preprocessor
configure:5176: gcc -E  conftest.c
configure:5176: $? = 0
configure:5191: gcc -E  conftest.c
conftest.c:11:10: fatal error: ac_nonexistent.h: No such file or directory
   11 | #include <ac_nonexistent.h>
      |          ^~~~~~~~~~~~~~~~~~
compilation terminated.
configure:5191: $? = 1
configure: failed program was:
| /* confdefs.h */
| #define PACKAGE_NAME "libpng"
| #define PACKAGE_TARNAME "libpng"
| #define PACKAGE_VERSION "1.2.54"
| #define PACKAGE_STRING "libpng 1.2.54"
| #define PACKAGE_BUGREPORT "png-mng-implement@lists.sourceforge.net"
| #define PACKAGE_URL ""
| #define PACKAGE "libpng"
| #define VERSION "1.2.54"
| /* end confdefs.h.  */
| #include <ac_nonexistent.h>
configure:5218: result: gcc -E
configure:5232: gcc -E  conftest.c
configure:5232: $? = 0
configure:5247: gcc -E  conftest.c
conftest.c:11:10: fatal error: ac_nonexistent.h: No such file or directory
   11 | #include <ac_nonexistent.h>
      |          ^~~~~~~~~~~~~~~~~~
compilation terminated.
configure:5247: $? = 1
configure: failed program was:
| /* confdefs.h */
| #define PACKAGE_NAME "libpng"
| #define PACKAGE_TARNAME "libpng"
| #define PACKAGE_VERSION "1.2.54"
| #define PACKAGE_STRING "libpng 1.2.54"
| #define PACKAGE_BUGREPORT "png-mng-implement@lists.sourceforge.net"
| #define PACKAGE_URL ""
| #define PACKAGE "libpng"
| #define VERSION "1.2.54"
| /* end confdefs.h.  */
| #include <ac_nonexistent.h>
configure:5325: checking for sed
configure:5357: result: /usr/bin/sed
configure:5713: checking whether ln -s works
configure:5717: result: yes
configure:5724: checking whether make sets $(MAKE)
configure:5747: result: yes
configure:5799: checking for BSD- or MS-compatible name lister (nm)
configure:5854: result: /usr/bin/nm -B
configure:5994: checking the name lister (/usr/bin/nm -B) interface
configure:6002: gcc -c -g -O2  conftest.c >&5
configure:6005: /usr/bin/nm -B "conftest.o"
configure:6008: output
0000000000000000 B some_variable
configure:6015: result: BSD nm
configure:6019: checking the maximum length of command line arguments
configure:6151: result: 1572864
configure:6199: checking how to convert x86_64-pc-linux-gnu file names to x86_64-pc-linux-gnu format
configure:6240: result: func_convert_file_noop
configure:6247: checking how to convert x86_64-pc-linux-gnu file names to toolchain format
configure:6268: result: func_convert_file_noop
configure:6275: checking for /usr/bin/ld option to reload object files
configure:6283: result: -r
configure:6362: checking for file
configure:6383: found /usr/bin/file
configure:6394: result: file
configure:6470: checking for objdump
configure:6502: result: objdump
configure:6531: checking how to recognize dependent libraries
configure:6732: result: pass_all
configure:6822: checking for dlltool
configure:6854: result: dlltool
configure:6884: checking how to associate runtime and link libraries
configure:6912: result: printf %s\n
configure:6978: checking for ar
configure:6999: found /usr/bin/ar
configure:7010: result: ar
configure:7063: checking for archiver @FILE support
configure:7081: gcc -c -g -O2  conftest.c >&5
configure:7081: $? = 0
configure:7085: ar cr libconftest.a @conftest.lst >&5
configure:7088: $? = 0
configure:7093: ar cr libconftest.a @conftest.lst >&5
ar: conftest.o: No such file or directory
configure:7096: $? = 1
configure:7108: result: @
configure:7171: checking for strip
configure:7192: found /usr/bin/strip
configure:7203: result: strip
configure:7280: checking for ranlib
configure:7301: found /usr/bin/ranlib
configure:7312: result: ranlib
configure:7414: checking command to parse /usr/bin/nm -B output from gcc object
configure:7568: gcc -c -g -O2  conftest.c >&5
configure:7571: $? = 0
configure:7575: /usr/bin/nm -B conftest.o | /usr/bin/sed -n -e 's/^.*[	 ]\([ABCDGIRSTW][ABCDGIRSTW]*\)[	 ][	 ]*\([_A-Za-z][_A-Za-z0-9]*\)$/\1 \2 \2/p' | /usr/bin/sed '/ __gnu_lto/d' > conftest.nm
configure:7641: gcc -o conftest -g -O2   conftest.c conftstm.o >&5
configure:7644: $? = 0
configure:7682: result: ok
configure:7729: checking for sysroot
configure:7760: result: no
configure:7767: checking for a working dd
configure:7811: result: /usr/bin/dd
configure:7815: checking how to truncate binary pipes
configure:7831: result: /usr/bin/dd bs=4096 count=1
configure:7968: gcc -c -g -O2  conftest.c >&5
configure:7971: $? = 0
configure:8168: checking for mt
configure:8189: found /usr/bin/mt
configure:8200: result: mt
configure:8223: checking if mt is a manifest tool
configure:8230: mt '-?'
configure:8238: result: no
configure:8963: checking for stdio.h
configure:8963: gcc -c -g -O2  conftest.c >&5
configure:8963: $? = 0
configure:8963: result: yes
configure:8963: checking for stdlib.h
configure:8963: gcc -c -g -O2  conftest.c >&5
configure:8963: $? = 0
configure:8963: result: yes
configure:8963: checking for string.h
configure:8963: gcc -c -g -O2  conftest.c >&5
configure:8963: $? = 0
configure:8963: result: yes
configure:8963: checking for inttypes.h
configure:8963: gcc -c -g -O2  conftest.c >&5
configure:8963: $? = 0
configure:8963: result: yes
configure:8963: checking for stdint.h
configure:8963: gcc -c -g -O2  conftest.c >&5
configure:8963: $? = 0
configure:8963: result: yes
configure:8963: checking for strings.h
configure:8963: gcc -c -g -O2  conftest.c >&5
configure:8963: $? = 0
configure:8963: result: yes
configure:8963: checking for sys/stat.h
configure:8963: gcc -c -g -O2  conftest.c >&5
configure:8963: $? = 0
configure:8963: result: yes
configure:8963: checking for sys/types.h
configure:8963: gcc -c -g -O2  conftest.c >&5
configure:8963: $? = 0
configure:8963: result: yes
configure:8963: checking for unistd.h
configure:8963: gcc -c -g -O2  conftest.c >&5
configure:8963: $? = 0
configure:8963: result: yes
configure:8988: checking for dlfcn.h
configure:8988: gcc -c -g -O2  conftest.c >&5
configure:8988: $? = 0
configure:8988: result: yes
configure:9245: checking for objdir
configure:9261: result: .libs
configure:9521: checking if gcc supports -fno-rtti -fno-exceptions
configure:9540: gcc -c -g -O2  -fno-rtti -fno-exceptions conftest.c >&5
cc1: warning: command-line option '-fno-rtti' is valid for C++/D/ObjC++ but not for C
configure:9544: $? = 0
configure:9557: result: no
configure:9921: checking for gcc option to produce PIC
configure:9929: result: -fPIC -DPIC
configure:9937: checking if gcc PIC flag -fPIC -DPIC works
configure:9956: gcc -c -g -O2  -fPIC -DPIC -DPIC conftest.c >&5
configure:9960: $? = 0
configure:9973: result: yes
configure:10002: checking if gcc static flag -static works
configure:10031: result: yes
configure:10046: checking if gcc supports -c -o file.o
configure:10068: gcc -c -g -O2  -o out/conftest2.o conftest.c >&5
configure:10072: $? = 0
configure:10094: result: yes
configure:10102: checking if gcc supports -c -o file.o
configure:10150: result: yes
configure:10183: checking whether the gcc linker (/usr/bin/ld -m elf_x86_64) supports shared libraries
configure:11457: result: yes
configure:11494: checking whether -lc should be explicitly linked in
configure:11503: gcc -c -g -O2  conftest.c >&5
configure:11506: $? = 0
configure:11521: gcc -shared  -fPIC -DPIC conftest.o  -v -Wl,-soname -Wl,conftest -o conftest 2\>\&1 \| /usr/bin/grep  -lc  \>/dev/null 2\>\&1
configure:11524: $? = 0
configure:11538: result: no
configure:11698: checking dynamic linker characteristics
configure:12280: gcc -o conftest -g -O2   -Wl,-rpath -Wl,/foo conftest.c  >&5
configure:12280: $? = 0
configure:12531: result: GNU/Linux ld.so
configure:12653: checking how to hardcode library paths into programs
configure:12678: result: immediate
configure:13230: checking whether stripping libraries is possible
configure:13239: result: yes
configure:13281: checking if libtool supports shared libraries
configure:13283: result: yes
configure:13286: checking whether to build shared libraries
configure:13311: result: yes
configure:13314: checking whether to build static libraries
configure:13318: result: yes
configure:13360: checking for egrep
configure:13428: result: /usr/bin/grep -E
configure:13434: checking for malloc.h
configure:13434: gcc -c -g -O2  conftest.c >&5
configure:13434: $? = 0
configure:13434: result: yes
configure:13440: checking for stdlib.h
configure:13440: result: yes
configure:13446: checking for string.h
configure:13446: result: yes
configure:13452: checking for strings.h
configure:13452: result: yes
configure:13461: checking for an ANSI C-conforming const
configure:13528: gcc -c -g -O2  conftest.c >&5
configure:13528: $? = 0
configure:13536: result: yes
configure:13544: checking for size_t
configure:13544: gcc -c -g -O2  conftest.c >&5
configure:13544: $? = 0
configure:13544: gcc -c -g -O2  conftest.c >&5
conftest.c: In function 'main':
conftest.c:58:21: error: expected expression before ')' token
   58 | if (sizeof ((size_t)))
      |                     ^
configure:13544: $? = 1
configure: failed program was:
| /* confdefs.h */
| #define PACKAGE_NAME "libpng"
| #define PACKAGE_TARNAME "libpng"
| #define PACKAGE_VERSION "1.2.54"
| #define PACKAGE_STRING "libpng 1.2.54"
| #define PACKAGE_BUGREPORT "png-mng-implement@lists.sourceforge.net"
| #define PACKAGE_URL ""
| #define PACKAGE "libpng"
| #define VERSION "1.2.54"
| #define HAVE_STDIO_H 1
| #define HAVE_STDLIB_H 1
| #define HAVE_STRING_H 1
| #define HAVE_INTTYPES_H 1
| #define HAVE_STDINT_H 1
| #define HAVE_STRINGS_H 1
| #define HAVE_SYS_STAT_H 1
| #define HAVE_SYS_TYPES_H 1
| #define HAVE_UNISTD_H 1
| #define STDC_HEADERS 1
| #define HAVE_DLFCN_H 1
| #define LT_OBJDIR ".libs/"
| #define HAVE_MALLOC_H 1
| #define HAVE_STDLIB_H 1
| #define HAVE_STRING_H 1
| #define HAVE_STRINGS_H 1
| /* end confdefs.h.  */
| #include <stddef.h>
| #ifdef HAVE_STDIO_H
| # include <stdio.h>
| #endif
| #ifdef HAVE_STDLIB_H
| # include <stdlib.h>
| #endif
| #ifdef HAVE_STRING_H
| # include <string.h>
| #endif
| #ifdef HAVE_INTTYPES_H
| # include <inttypes.h>
| #endif
| #ifdef HAVE_STDINT_H
| # include <stdint.h>
| #endif
| #ifdef HAVE_STRINGS_H
| # include <strings.h>
| #endif
| #ifdef HAVE_SYS_TYPES_H
| # include <sys/types.h>
| #endif
| #ifdef HAVE_SYS_STAT_H
| # include <sys/stat.h>
| #endif
| #ifdef HAVE_UNISTD_H
| # include <unistd.h>
| #endif
| int
| main (void)
| {
| if (sizeof ((size_t)))
| 	    return 0;
|   ;
|   return 0;
| }
configure:13544: result: yes
configure:13554: checking whether struct tm is in sys/time.h or time.h
configure:13575: gcc -c -g -O2  conftest.c >&5
configure:13575: $? = 0
configure:13583: result: time.h
configure:13593: checking for working strtod
configure:13636: gcc -o conftest -g -O2   conftest.c  >&5
configure:13636: $? = 0
configure:13636: ./conftest
configure:13636: $? = 0
configure:13647: result: yes
configure:13713: checking for memset
configure:13713: gcc -o conftest -g -O2   conftest.c  >&5
conftest.c:43:6: warning: conflicting types for built-in function 'memset'; expected 'void *(void *, int,  long unsigned int)' [-Wbuiltin-declaration-mismatch]
   43 | char memset ();
      |      ^~~~~~
conftest.c:35:1: note: 'memset' is declared in header '<string.h>'
   34 | #include <limits.h>
   35 | #undef memset
configure:13713: $? = 0
configure:13713: result: yes
configure:13726: checking for pow
configure:13726: gcc -o conftest -g -O2   conftest.c  >&5
conftest.c:44:6: warning: conflicting types for built-in function 'pow'; expected 'double(double,  double)' [-Wbuiltin-declaration-mismatch]
   44 | char pow ();
      |      ^~~
conftest.c:36:1: note: 'pow' is declared in header '<math.h>'
   35 | #include <limits.h>
   36 | #undef pow
/usr/bin/ld: /tmp/cc2SrW0g.o: in function `main':
/home/erpcloud-live/htdocs/erp/zadmin/libpng-1.2.54/conftest.c:55:(.text.startup+0xb): undefined reference to `pow'
collect2: error: ld returned 1 exit status
configure:13726: $? = 1
configure: failed program was:
| /* confdefs.h */
| #define PACKAGE_NAME "libpng"
| #define PACKAGE_TARNAME "libpng"
| #define PACKAGE_VERSION "1.2.54"
| #define PACKAGE_STRING "libpng 1.2.54"
| #define PACKAGE_BUGREPORT "png-mng-implement@lists.sourceforge.net"
| #define PACKAGE_URL ""
| #define PACKAGE "libpng"
| #define VERSION "1.2.54"
| #define HAVE_STDIO_H 1
| #define HAVE_STDLIB_H 1
| #define HAVE_STRING_H 1
| #define HAVE_INTTYPES_H 1
| #define HAVE_STDINT_H 1
| #define HAVE_STRINGS_H 1
| #define HAVE_SYS_STAT_H 1
| #define HAVE_SYS_TYPES_H 1
| #define HAVE_UNISTD_H 1
| #define STDC_HEADERS 1
| #define HAVE_DLFCN_H 1
| #define LT_OBJDIR ".libs/"
| #define HAVE_MALLOC_H 1
| #define HAVE_STDLIB_H 1
| #define HAVE_STRING_H 1
| #define HAVE_STRINGS_H 1
| #define HAVE_MEMSET 1
| /* end confdefs.h.  */
| /* Define pow to an innocuous variant, in case <limits.h> declares pow.
|    For example, HP-UX 11i <limits.h> declares gettimeofday.  */
| #define pow innocuous_pow
| 
| /* System header to define __stub macros and hopefully few prototypes,
|    which can conflict with char pow (); below.  */
| 
| #include <limits.h>
| #undef pow
| 
| /* Override any GCC internal prototype to avoid an error.
|    Use char because int might match the return type of a GCC
|    builtin and then its argument prototype would still apply.  */
| #ifdef __cplusplus
| extern "C"
| #endif
| char pow ();
| /* The GNU C library defines this for functions which it implements
|     to always fail with ENOSYS.  Some functions are actually named
|     something starting with __ and the normal name is an alias.  */
| #if defined __stub_pow || defined __stub___pow
| choke me
| #endif
| 
| int
| main (void)
| {
| return pow ();
|   ;
|   return 0;
| }
configure:13726: result: no
configure:13732: checking for pow in -lm
configure:13755: gcc -o conftest -g -O2   conftest.c -lm   >&5
conftest.c:32:6: warning: conflicting types for built-in function 'pow'; expected 'double(double,  double)' [-Wbuiltin-declaration-mismatch]
   32 | char pow ();
      |      ^~~
conftest.c:1:1: note: 'pow' is declared in header '<math.h>'
    1 | /* confdefs.h */
configure:13755: $? = 0
configure:13765: result: yes
configure:13780: checking for zlibVersion in -lz
configure:13803: gcc -o conftest -g -O2   conftest.c -lz  -lm  >&5
configure:13803: $? = 0
configure:13813: result: yes
configure:13832: checking if assembler code in pnggccrd.c can be compiled without PNG_NO_MMX_CODE
configure:13845: gcc -c -g -O2  conftest.c >&5
configure:13845: $? = 0
configure:13847: result: yes
configure:13860: checking if libraries can be versioned
configure:13865: result: yes
configure:13884: checking for symbol prefix
configure:13891: result: 
configure:13914: pkgconfig directory is ${libdir}/pkgconfig
configure:14061: checking that generated files are newer than configure
configure:14067: result: done
configure:14098: creating ./config.status

## ---------------------- ##
## Running config.status. ##
## ---------------------- ##

This file was extended by libpng config.status 1.2.54, which was
generated by GNU Autoconf 2.71.  Invocation command line was

  CONFIG_FILES    = 
  CONFIG_HEADERS  = 
  CONFIG_LINKS    = 
  CONFIG_COMMANDS = 
  $ ./config.status 

on panel2

config.status:1110: creating Makefile
config.status:1110: creating libpng.pc
config.status:1110: creating libpng-config
config.status:1110: creating config.h
config.status:1339: executing depfiles commands
config.status:1416: cd .       && sed -e '/# am--include-marker/d' Makefile         | make -f - am--depfiles
config.status:1421: $? = 0
config.status:1339: executing libtool commands

## ---------------- ##
## Cache variables. ##
## ---------------- ##

ac_cv_build=x86_64-pc-linux-gnu
ac_cv_c_compiler_gnu=yes
ac_cv_c_const=yes
ac_cv_env_CC_set=
ac_cv_env_CC_value=
ac_cv_env_CFLAGS_set=
ac_cv_env_CFLAGS_value=
ac_cv_env_CPPFLAGS_set=
ac_cv_env_CPPFLAGS_value=
ac_cv_env_CPP_set=
ac_cv_env_CPP_value=
ac_cv_env_LDFLAGS_set=
ac_cv_env_LDFLAGS_value=
ac_cv_env_LIBS_set=
ac_cv_env_LIBS_value=
ac_cv_env_LT_SYS_LIBRARY_PATH_set=
ac_cv_env_LT_SYS_LIBRARY_PATH_value=
ac_cv_env_build_alias_set=
ac_cv_env_build_alias_value=
ac_cv_env_host_alias_set=
ac_cv_env_host_alias_value=
ac_cv_env_target_alias_set=
ac_cv_env_target_alias_value=
ac_cv_func_memset=yes
ac_cv_func_pow=no
ac_cv_func_strtod=yes
ac_cv_header_dlfcn_h=yes
ac_cv_header_inttypes_h=yes
ac_cv_header_malloc_h=yes
ac_cv_header_stdint_h=yes
ac_cv_header_stdio_h=yes
ac_cv_header_stdlib_h=yes
ac_cv_header_string_h=yes
ac_cv_header_strings_h=yes
ac_cv_header_sys_stat_h=yes
ac_cv_header_sys_types_h=yes
ac_cv_header_unistd_h=yes
ac_cv_host=x86_64-pc-linux-gnu
ac_cv_lib_m_pow=yes
ac_cv_lib_z_zlibVersion=yes
ac_cv_objext=o
ac_cv_path_EGREP='/usr/bin/grep -E'
ac_cv_path_FGREP='/usr/bin/grep -F'
ac_cv_path_GREP=/usr/bin/grep
ac_cv_path_SED=/usr/bin/sed
ac_cv_path_install='/usr/bin/install -c'
ac_cv_path_lt_DD=/usr/bin/dd
ac_cv_path_mkdir=/usr/bin/mkdir
ac_cv_prog_AWK=gawk
ac_cv_prog_CPP='gcc -E'
ac_cv_prog_ac_ct_AR=ar
ac_cv_prog_ac_ct_CC=gcc
ac_cv_prog_ac_ct_DLLTOOL=dlltool
ac_cv_prog_ac_ct_FILECMD=file
ac_cv_prog_ac_ct_MANIFEST_TOOL=mt
ac_cv_prog_ac_ct_OBJDUMP=objdump
ac_cv_prog_ac_ct_RANLIB=ranlib
ac_cv_prog_ac_ct_SED=/usr/bin/sed
ac_cv_prog_ac_ct_STRIP=strip
ac_cv_prog_cc_c11=
ac_cv_prog_cc_g=yes
ac_cv_prog_cc_stdc=
ac_cv_prog_make_make_set=yes
ac_cv_struct_tm=time.h
ac_cv_type_size_t=yes
am_cv_CC_dependencies_compiler_type=gcc3
am_cv_make_support_nested_variables=yes
am_cv_prog_cc_c_o=yes
lt_cv_ar_at_file=@
lt_cv_archive_cmds_need_lc=no
lt_cv_deplibs_check_method=pass_all
lt_cv_file_magic_cmd='$MAGIC_CMD'
lt_cv_file_magic_test_file=
lt_cv_ld_reload_flag=-r
lt_cv_nm_interface='BSD nm'
lt_cv_objdir=.libs
lt_cv_path_LD=/usr/bin/ld
lt_cv_path_NM='/usr/bin/nm -B'
lt_cv_path_mainfest_tool=no
lt_cv_prog_compiler_c_o=yes
lt_cv_prog_compiler_pic='-fPIC -DPIC'
lt_cv_prog_compiler_pic_works=yes
lt_cv_prog_compiler_rtti_exceptions=no
lt_cv_prog_compiler_static_works=yes
lt_cv_prog_gnu_ld=yes
lt_cv_sharedlib_from_linklib_cmd='printf %s\n'
lt_cv_shlibpath_overrides_runpath=yes
lt_cv_sys_global_symbol_pipe='/usr/bin/sed -n -e '\''s/^.*[	 ]\([ABCDGIRSTW][ABCDGIRSTW]*\)[	 ][	 ]*\([_A-Za-z][_A-Za-z0-9]*\)$/\1 \2 \2/p'\'' | /usr/bin/sed '\''/ __gnu_lto/d'\'''
lt_cv_sys_global_symbol_to_c_name_address='/usr/bin/sed -n -e '\''s/^: \(.*\) .*$/  {"\1", (void *) 0},/p'\'' -e '\''s/^[ABCDGIRSTW][ABCDGIRSTW]* .* \(.*\)$/  {"\1", (void *) \&\1},/p'\'''
lt_cv_sys_global_symbol_to_c_name_address_lib_prefix='/usr/bin/sed -n -e '\''s/^: \(.*\) .*$/  {"\1", (void *) 0},/p'\'' -e '\''s/^[ABCDGIRSTW][ABCDGIRSTW]* .* \(lib.*\)$/  {"\1", (void *) \&\1},/p'\'' -e '\''s/^[ABCDGIRSTW][ABCDGIRSTW]* .* \(.*\)$/  {"lib\1", (void *) \&\1},/p'\'''
lt_cv_sys_global_symbol_to_cdecl='/usr/bin/sed -n -e '\''s/^T .* \(.*\)$/extern int \1();/p'\'' -e '\''s/^[ABCDGIRSTW][ABCDGIRSTW]* .* \(.*\)$/extern char \1;/p'\'''
lt_cv_sys_global_symbol_to_import=
lt_cv_sys_max_cmd_len=1572864
lt_cv_to_host_file_cmd=func_convert_file_noop
lt_cv_to_tool_file_cmd=func_convert_file_noop
lt_cv_truncate_bin='/usr/bin/dd bs=4096 count=1'

## ----------------- ##
## Output variables. ##
## ----------------- ##

ACLOCAL='${SHELL} '\''/home/erpcloud-live/htdocs/erp/zadmin/libpng-1.2.54/missing'\'' aclocal-1.16'
AMDEPBACKSLASH='\'
AMDEP_FALSE='#'
AMDEP_TRUE=''
AMTAR='$${TAR-tar}'
AM_BACKSLASH='\'
AM_DEFAULT_V='$(AM_DEFAULT_VERBOSITY)'
AM_DEFAULT_VERBOSITY='1'
AM_V='$(V)'
AR='ar'
AS='as'
AUTOCONF='${SHELL} '\''/home/erpcloud-live/htdocs/erp/zadmin/libpng-1.2.54/missing'\'' autoconf'
AUTOHEADER='${SHELL} '\''/home/erpcloud-live/htdocs/erp/zadmin/libpng-1.2.54/missing'\'' autoheader'
AUTOMAKE='${SHELL} '\''/home/erpcloud-live/htdocs/erp/zadmin/libpng-1.2.54/missing'\'' automake-1.16'
AWK='gawk'
CC='gcc'
CCDEPMODE='depmode=gcc3'
CFLAGS='-g -O2'
CPP='gcc -E'
CPPFLAGS=''
CSCOPE='cscope'
CTAGS='ctags'
CYGPATH_W='echo'
DEFS='-DHAVE_CONFIG_H'
DEPDIR='.deps'
DLLTOOL='dlltool'
DSYMUTIL=''
DUMPBIN=''
ECHO_C=''
ECHO_N='-n'
ECHO_T=''
EGREP='/usr/bin/grep -E'
ETAGS='etags'
EXEEXT=''
FGREP='/usr/bin/grep -F'
FILECMD='file'
GREP='/usr/bin/grep'
HAVE_LD_VERSION_SCRIPT_FALSE='#'
HAVE_LD_VERSION_SCRIPT_TRUE=''
INSTALL_DATA='${INSTALL} -m 644'
INSTALL_PROGRAM='${INSTALL}'
INSTALL_SCRIPT='${INSTALL}'
INSTALL_STRIP_PROGRAM='$(install_sh) -c -s'
LD='/usr/bin/ld -m elf_x86_64'
LDFLAGS=''
LIBOBJS=''
LIBPNG_DEFINES='-DPNG_CONFIGURE_LIBPNG '
LIBPNG_NO_MMX=''
LIBS='-lz -lm '
LIBTOOL='$(SHELL) $(top_builddir)/libtool'
LIPO=''
LN_S='ln -s'
LTLIBOBJS=''
LT_SYS_LIBRARY_PATH=''
MAINT='#'
MAINTAINER_MODE_FALSE=''
MAINTAINER_MODE_TRUE='#'
MAKEINFO='${SHELL} '\''/home/erpcloud-live/htdocs/erp/zadmin/libpng-1.2.54/missing'\'' makeinfo'
MANIFEST_TOOL=':'
MKDIR_P='/usr/bin/mkdir -p'
NM='/usr/bin/nm -B'
NMEDIT=''
OBJDUMP='objdump'
OBJEXT='o'
OTOOL64=''
OTOOL=''
PACKAGE='libpng'
PACKAGE_BUGREPORT='png-mng-implement@lists.sourceforge.net'
PACKAGE_NAME='libpng'
PACKAGE_STRING='libpng 1.2.54'
PACKAGE_TARNAME='libpng'
PACKAGE_URL=''
PACKAGE_VERSION='1.2.54'
PATH_SEPARATOR=':'
PNGLIB_MAJOR='1'
PNGLIB_MINOR='2'
PNGLIB_RELEASE='54'
PNGLIB_VERSION='1.2.54'
POW_LIB=''
RANLIB='ranlib'
SED='/usr/bin/sed'
SET_MAKE=''
SHELL='/bin/bash'
STRIP='strip'
SYMBOL_PREFIX=''
VERSION='1.2.54'
ac_ct_AR='ar'
ac_ct_CC='gcc'
ac_ct_DUMPBIN=''
am__EXEEXT_FALSE=''
am__EXEEXT_TRUE='#'
am__fastdepCC_FALSE='#'
am__fastdepCC_TRUE=''
am__include='include'
am__isrc=''
am__leading_dot='.'
am__nodep='_no'
am__quote=''
am__tar='$${TAR-tar} chof - "$$tardir"'
am__untar='$${TAR-tar} xf -'
binconfigs='${binconfigs}'
bindir='${exec_prefix}/bin'
build='x86_64-pc-linux-gnu'
build_alias=''
build_cpu='x86_64'
build_os='linux-gnu'
build_vendor='pc'
compatlib='libpng.la'
datadir='${datarootdir}'
datarootdir='${prefix}/share'
docdir='${datarootdir}/doc/${PACKAGE_TARNAME}'
dvidir='${docdir}'
exec_prefix='${prefix}'
host='x86_64-pc-linux-gnu'
host_alias=''
host_cpu='x86_64'
host_os='linux-gnu'
host_vendor='pc'
htmldir='${docdir}'
includedir='${prefix}/include'
infodir='${datarootdir}/info'
install_sh='${SHELL} /home/erpcloud-live/htdocs/erp/zadmin/libpng-1.2.54/install-sh'
libdir='${exec_prefix}/lib'
libexecdir='${exec_prefix}/libexec'
localedir='${datarootdir}/locale'
localstatedir='${prefix}/var'
mandir='${datarootdir}/man'
mkdir_p='$(MKDIR_P)'
oldincludedir='/usr/include'
pdfdir='${docdir}'
pkgconfigdir='${libdir}/pkgconfig'
prefix='/usr/local'
program_transform_name='s,x,x,'
psdir='${docdir}'
runstatedir='${localstatedir}/run'
sbindir='${exec_prefix}/sbin'
sharedstatedir='${prefix}/com'
sysconfdir='${prefix}/etc'
target_alias=''

## ----------- ##
## confdefs.h. ##
## ----------- ##

/* confdefs.h */
#define PACKAGE_NAME "libpng"
#define PACKAGE_TARNAME "libpng"
#define PACKAGE_VERSION "1.2.54"
#define PACKAGE_STRING "libpng 1.2.54"
#define PACKAGE_BUGREPORT "png-mng-implement@lists.sourceforge.net"
#define PACKAGE_URL ""
#define PACKAGE "libpng"
#define VERSION "1.2.54"
#define HAVE_STDIO_H 1
#define HAVE_STDLIB_H 1
#define HAVE_STRING_H 1
#define HAVE_INTTYPES_H 1
#define HAVE_STDINT_H 1
#define HAVE_STRINGS_H 1
#define HAVE_SYS_STAT_H 1
#define HAVE_SYS_TYPES_H 1
#define HAVE_UNISTD_H 1
#define STDC_HEADERS 1
#define HAVE_DLFCN_H 1
#define LT_OBJDIR ".libs/"
#define HAVE_MALLOC_H 1
#define HAVE_STDLIB_H 1
#define HAVE_STRING_H 1
#define HAVE_STRINGS_H 1
#define HAVE_MEMSET 1
#define HAVE_LIBM 1
#define HAVE_LIBZ 1

configure: exit 0
